<?xml version="1.0" encoding="UTF-8"?>
<testng-results ignored="0" total="3" passed="3" failed="0" skipped="0">
  <reporter-output>
  </reporter-output>
  <suite started-at="2024-04-24T12:08:22 IST" name="Default suite" finished-at="2024-04-24T12:08:25 IST" duration-ms="3405">
    <groups>
    </groups>
    <test started-at="2024-04-24T12:08:22 IST" name="Default test" finished-at="2024-04-24T12:08:25 IST" duration-ms="3405">
      <class name="Testcases.Bankmanagertestcases">
        <test-method is-config="true" signature="Login()[pri:0, instance:Testcases.Bankmanagertestcases@740cae06]" started-at="2024-04-24T12:08:07 IST" name="Login" finished-at="2024-04-24T12:08:22 IST" duration-ms="15470" status="PASS">
          <reporter-output>
          </reporter-output>
        </test-method> <!-- Login -->
        <test-method signature="AddcustomerDetails()[pri:0, instance:Testcases.Bankmanagertestcases@740cae06]" started-at="2024-04-24T12:08:22 IST" name="AddcustomerDetails" finished-at="2024-04-24T12:08:24 IST" duration-ms="1936" status="PASS">
          <reporter-output>
          </reporter-output>
        </test-method> <!-- AddcustomerDetails -->
        <test-method signature="OpenAccount()[pri:1, instance:Testcases.Bankmanagertestcases@740cae06]" started-at="2024-04-24T12:08:24 IST" name="OpenAccount" finished-at="2024-04-24T12:08:25 IST" duration-ms="733" status="PASS">
          <reporter-output>
          </reporter-output>
        </test-method> <!-- OpenAccount -->
        <test-method signature="Customers()[pri:2, instance:Testcases.Bankmanagertestcases@740cae06]" started-at="2024-04-24T12:08:25 IST" name="Customers" finished-at="2024-04-24T12:08:25 IST" duration-ms="690" status="PASS">
          <reporter-output>
          </reporter-output>
        </test-method> <!-- Customers -->
      </class> <!-- Testcases.Bankmanagertestcases -->
    </test> <!-- Default test -->
  </suite> <!-- Default suite -->
</testng-results>
