<?xml version="1.0" encoding="UTF-8"?>
<!-- Generated by org.testng.reporters.JUnitXMLReporter -->
<testsuite ignored="1" hostname="INLEN8520069202" failures="0" tests="4" name="Test" time="0.082" errors="0" timestamp="2024-03-01T15:23:48 IST">
  <testcase classname="com.cg.testng.Testngflow" name="testMethod" time="0.007"/>
  <testcase classname="com.cg.testng.Description" name="testcase1" time="0.002"/>
  <testcase classname="com.cg.testng.Description" name="testcase2" time="0.001"/>
  <testcase classname="com.cg.testng.Description" name="testcase3" time="0.002"/>
  <testcase classname="com.cg.testng.Testngflow" name="testMethod2" time="0.0">
    <ignored/>
  </testcase> <!-- testMethod2 -->
</testsuite> <!-- Test -->
