<?xml version="1.0" encoding="UTF-8"?>
<!-- Generated by org.testng.reporters.JUnitXMLReporter -->
<testsuite ignored="0" hostname="INLEN8520069202" failures="0" tests="3" name="Default test" time="3.405" errors="0" timestamp="2024-04-24T12:08:25 IST">
  <testcase classname="Testcases.Bankmanagertestcases" name="AddcustomerDetails" time="1.936"/>
  <testcase classname="Testcases.Bankmanagertestcases" name="OpenAccount" time="0.733"/>
  <testcase classname="Testcases.Bankmanagertestcases" name="Customers" time="0.69"/>
</testsuite> <!-- Default test -->
